Ok, let's start with something simple

  00000000111111112222222233333333444444445555555566666666 00 11 22 33 44 55 66

MODE: COOL, FAN: 1, DISPLAY: ON, TEMP FROM 18 to 30
Hh10000000010001010111111110001111110001001010100000001111 01 A2 FE F1 23 15 F0
Hh10000000010010010111111110001111110011001010100000001111 01 92 FE F1 33 15 F0
Hh10000000010001010111111110001111110000101010100000001111 01 A2 FE F1 43 15 F0
Hh10000000010010010111111110001111110010101010100000001111 01 92 FE F1 53 15 F0
Hh10000000010010010111111110001111110001101010100000001111 01 92 FE F1 63 15 F0
Hh10000000010000010111111110001111110011101010100000001111 01 82 FE F1 73 15 F0
Hh10000000010001010111111110001111110000011010100000001111 01 A2 FE F1 83 15 F0
Hh10000000010010010111111110001111110001011010100000001111 01 92 FE F1 A3 15 F0
Hh10000000010010010111111110001111110000111010100000001111 01 92 FE F1 C3 15 F0
Hh10000000010000010111111110001111110010111010100000001111 01 82 FE F1 D3 15 F0
Hh10000000010000010111111110001111110001111010100000001111 01 82 FE F1 E3 15 F0
                                                              ^        ^

Ok, temperature is in the high nibble of byte 4, high nibble of byte
one should be checksum.

MODE: HEAT, DISPLAY: ON, FAN:1 TEMP 16 to 30                                     T
Hh10000000010011010111111110001111110000001010001000001111 01 B2 FE F1 03 45 F0  16
Hh10000000010001010111111110001111110010001010001000001111 01 A2 FE F1 13 45 F0  17
Hh10000000010001010111111110001111110001001010001000001111 01 A2 FE F1 23 45 F0  18
Hh10000000010010010111111110001111110011001010001000001111 01 92 FE F1 33 45 F0  19
Hh10000000010001010111111110001111110000101010001000001111 01 A2 FE F1 43 45 F0  20
Hh10000000010010010111111110001111110010101010001000001111 01 92 FE F1 53 45 F0  21
Hh10000000010010010111111110001111110001101010001000001111 01 92 FE F1 63 45 F0  22
Hh10000000010000010111111110001111110011101010001000001111 01 82 FE F1 73 45 F0  23
Hh10000000010001010111111110001111110000011010001000001111 01 A2 FE F1 83 45 F0  24
Hh10000000010010010111111110001111110010011010001000001111 01 92 FE F1 93 45 F0  25
Hh10000000010010010111111110001111110001011010001000001111 01 92 FE F1 A3 45 F0  26
Hh10000000010000010111111110001111110011011010001000001111 01 82 FE F1 B3 45 F0  27
Hh10000000010010010111111110001111110000111010001000001111 01 92 FE F1 C3 45 F0  28
Hh10000000010000010111111110001111110010111010001000001111 01 82 FE F1 D3 45 F0  29
Hh10000000010000010111111110001111110001111010001000001111 01 82 FE F1 E3 45 F0  30
                                                              ^        ^
Same as cool but temperature can go two levels lower.
Let's compare cool and heat, temp 18

Hh10000000010001010111111110001111110001001010100000001111 01 A2 FE F1 23 15 F0
Hh10000000010001010111111110001111110001001010001000001111 01 A2 FE F1 23 45 F0
                                                                          ^
Guess we found our mode nibble, let's cycle through the modes

                                                                                MODE
Hh10000000010010010111111110001111110010011011000000001111 01 92 FE F1 93 0D F0 auto
Hh10000000010001010111111110001111110001001010100000001111 01 A2 FE F1 23 15 F0 cool
Hh10000000010011010111111110001111110001001000010000001111 01 B2 FE F1 23 21 F0 dry
Hh10000000010010010111111110001111110000011010110000001111 01 92 FE F1 83 35 F0 fan
Hh10000000010011010111111110001111110000001010001000001111 01 B2 FE F1 03 45 F0 warm
                                                                       ^  ^^

Not every mode shares the same temperature settings, so the
temperature nibble is changing while switching modes. Mode seems
pretty easy, 0-4 from auto to warm. Something else is changing in byte
four, guess that would be fan speed. Let's try that:

Mode: cool, temp:18, fan speed:cycle
Hh10000000010011010111111110001111110001001000100000001111 01 B2 FE F1 23 11 F0 auto
Hh10000000010001010111111110001111110001001010100000001111 01 A2 FE F1 23 15 F0 low
Hh10000000010001010111111110001111110001001001100000001111 01 A2 FE F1 23 19 F0 mid
Hh10000000010010010111111110001111110001001101100000001111 01 92 FE F1 23 1B F0 high
                                                                           ^
Bingo. Start from 1, step 4.... nope. The last one is step 2. Why?!
There's also a D in auto mode...

So what's missing now? Let's keep mode: cool, temp:18 fan: auto and
try the other stuff.

Turbo
Hh10000000010011010111111110001111110001001000100000001111 01 B2 FE F1 23 11 F0  on
Hh10000000010010010111111111101111110001001000100000001111 01 92 FE F7 23 11 F0  off
                                                                     ^
Swing:
Hh10000000010010110111010110001111110001001000100000001111 01 D2 AE F1 23 11 F0  on
Hh10000000010011010111111110001111110001001000100000001111 01 B2 FE F1 23 11 F0  off
                                                                 ^

Powersave:
Hh10000000010000110111010110001111110001011000100000001111 01 C2 AE F1 A3 11 F0  on
Hh10000000010010010111010111111111110001011000100000001111 01 92 AE FF A3 11 F0  off
                                                                     ^
so... this is trickier, temperature must be 26 in power save, swing
must be enabled, the nibble is the same as turbo as the two settings
are mutually exclusive. So far it seems it's F for powersave, 7 for
turbo, 1 for none.

Display:
Hh10000000010011010111111110000111110001001010100000001111 01 B2 FE E1 23 15 F0  on?
Hh10000000010001010111111110001111110001001010100000001111 01 A2 FE F1 23 15 F0  off?
                                                                    ^

Fresh air, anions and stuff:
Hh10000000010010010111111110001111110001001010100000011111 01 92 FE F1 23 15 F8  on
Hh10000000010001010111111110001111110001001010100000001111 01 A2 FE F1 23 15 F0  off
                                                                              ^

Sleepy moon... no sure what this one even does...
Hh10000000010010010111111111001111110001001010100000001111 01 92 FE F3 23 15 F0  on
Hh10000000010001010111111110001111110001001010100000001111 01 A2 FE F1 23 15 F0  off
                                        ^
the turbo nibble again, 1:none 3:moon 7:turbo f:powersave


I guess that's all, then there's the sleep timer which sends two
commands at once but I don't need them. And the OFF command which is a
beast of its own but we can probably just hardcode the whole sequence

OFF:
Hh100000000100111011110000000000000000111010001000100000001
Hh10000000010000110111111110001111110001001010100000000011

The extra bit I'm not even sure what it is, sometimes it's a long space, sometimes a normal space, who knows. It's probably just a little pause between two commands.


So let's recap. Here's our guessed encoding
#: template (constant bits)
C: checksum (obscure)
S: swing       [A,F]       => [on,off]
P: powersave   [1,3,7,F]   => [none,moon,turbo,powersave(T=26, swing=on)]
T: temperature [0,E]       => [16°C,30°C]
M: mode        [0,1,2,3,4] => [auto,cool,dry,fan,warm]
F: fan speed   [1,5,9,B,D] => [auto,low,mid,high,natural(only in auto mode)]
I: ions        [8,0]       => [on,off]

## C# S# #P T# MF #I
01 x2 xE Fx x3 xx Fx






