Hh 01001010 01110101 11000011 01100100 10011011 11111111 00000000 11110110 00001001 01100011 10011100
         52       AE       C3       26       D9       FF       00       6F       90       C6       39
         00       11       22       33       44       55       66       77       88       99       10   11 command bytes (last one should be CRC)


Let's start from OFF, cool, 18 °C, airflow stop, econo off, hipow off, fan low
Hh0100101001110101110000110110010010011011111111110000000011111101000000100111011110001000 52 AE C3 26 D9 FF 00 BF 40 EE 11  OFF
                                                                                           52 AE C3 26 D9 FF 00 BF 40 EE 19
Hh0100101001110101110000110110010010011011111111110000000011111101000000100110011110011000 52 AE C3 26 D9 FF 00 BF 40 E6 19  ON
                                                                                                                       ^  ^
Hh0100101001110101110000110110010010011011111111110000000011111101000000100110011110011000 52 AE C3 26 D9 FF 00 BF 40 E6 19  (*) change T
Hh0100101001110101110000110110010010011011111111110000000011111101000000100110101110010100 52 AE C3 26 D9 FF 00 BF 40 D6 29  19 °C
Hh0100101001110101110000110110010010011011111111110000000011111101000000100110001110011100 52 AE C3 26 D9 FF 00 BF 40 C6 39  20 °C
Hh0100101001110101110000110110010010011011111111110000000011111101000000100110110110010010 52 AE C3 26 D9 FF 00 BF 40 B6 49  21 °C
Hh0100101001110101110000110110010010011011111111110000000011111101000000100110010110011010 52 AE C3 26 D9 FF 00 BF 40 A6 59  22 °C
Hh0100101001110101110000110110010010011011111111110000000011111101000000100110010010011011 52 AE C3 26 D9 FF 00 BF 40 26 D9  30 °C
                                                                                                                      ^  ^   one bit increasing one decreasing

Hh0100101001110101110000110110010010011011111111110000000011111101000000100110011110011000 52 AE C3 26 D9 FF 00 BF 40 E6 19  (*)    change fan
Hh0100101001110101110000110110010010011011111111110000000011111111000000000110011110011000 52 AE C3 26 D9 FF 00 FF 00 E6 19  fan auto
Hh0100101001110101110000110110010010011011111111110000000011111101000000100110011110011000 52 AE C3 26 D9 FF 00 BF 40 E6 19  fan low
Hh0100101001110101110000110110010010011011111111110000000011111001000001100110011110011000 52 AE C3 26 D9 FF 00 9F 60 E6 19  fan med
Hh0100101001110101110000110110010010011011111111110000000011111110000000010110011110011000 52 AE C3 26 D9 FF 00 7F 80 E6 19  fan hi
                                                                                                                ^  ^

Hh0100101001110101110000110110010010011011111111110000000011111101000000100110011110011000 52 AE C3 26 D9 FF 00 BF 40 E6 19  (*)    change air flow
Hh0100101001110101110000110110010010011011111111110000000011101101000100100110011110011000 52 AE C3 26 D9 FF 00 B7 48 E6 19  blow
Hh0100101001110101110000110110010010011011111111110000000011110101000010100110011110011000 52 AE C3 26 D9 FF 00 AF 50 E6 19  swing
Hh0100101001110101110000110110010010011011111111110000000011111101000000100110011110011000 52 AE C3 26 D9 FF 00 BF 40 E6 19  stop
                                                              ^       ^                                         ^^ ^^

Hh0100101001110101110000110110010010011011111111110000000011111101000000100110011110011000 52 AE C3 26 D9 FF 00 BF 40 E6 19  hi power off
Hh0100101001110101110000110110010010011011111111110000000011111100000000110110011110011000 52 AE C3 26 D9 FF 00 3F C0 E6 19  hi power on
                                                                                                                ^  ^

Hh0100101001110101110000110110010010011011111111110000000011111101000000100110011110011000 52 AE C3 26 D9 FF 00 BF 40 E6 19  econo off
Hh0100101001110101110000110110010010011011111111110000000011111000000001110110011110011000 52 AE C3 26 D9 FF 00 1F E0 E6 19  econo on
                                                                                                                ^  ^

Hh0100101001110101110000110110010010011011111111110000000011111101000000100110011110011000 52 AE C3 26 D9 FF 00 BF 40 E6 19  mode cool
Hh0100101001110101110000110110010010011011111111110000000011111101000000101100011100111000 52 AE C3 26 D9 FF 00 BF 40 E3 1C  mode heat
Hh0100101001110101110000110110010010011011111111110000000011111101000000101010011101011000 52 AE C3 26 D9 FF 00 BF 40 E5 1A  mode dry
                                                                          ^^^^    ^^^^                                 ^  ^

Hh0100101001110101110000110110010010011011111111110000000011111101000000101110011100011000 52 AE C3 26 D9 FF 00 BF 40 E7 18  auto -6 (same as 18?)
Hh0100101001110101110000110110010010011011111111110000000011111101000000101110101100010100 52 AE C3 26 D9 FF 00 BF 40 D7 28  auto -5
Hh0100101001110101110000110110010010011011111111110000000011111101000000101110001100011100 52 AE C3 26 D9 FF 00 BF 40 C7 38
Hh0100101001110101110000110110010010011011111111110000000011111101000000101110110100010010 52 AE C3 26 D9 FF 00 BF 40 B7 48
Hh0100101001110101110000110110010010011011111111110000000011111101000000101110010100011010 52 AE C3 26 D9 FF 00 BF 40 A7 58
Hh0100101001110101110000110110010010011011111111110000000011111101000000101110100100010110 52 AE C3 26 D9 FF 00 BF 40 97 68
Hh0100101001110101110000110110010010011011111111110000000011111101000000101110000100011110 52 AE C3 26 D9 FF 00 BF 40 87 78
Hh0100101001110101110000110110010010011011111111110000000011111101000000101110111000010001 52 AE C3 26 D9 FF 00 BF 40 77 88
Hh0100101001110101110000110110010010011011111111110000000011111101000000101110011000011001 52 AE C3 26 D9 FF 00 BF 40 67 98
Hh0100101001110101110000110110010010011011111111110000000011111101000000101110101000010101 52 AE C3 26 D9 FF 00 BF 40 57 A8
Hh0100101001110101110000110110010010011011111111110000000011111101000000101110001000011101 52 AE C3 26 D9 FF 00 BF 40 47 B8
Hh0100101001110101110000110110010010011011111111110000000011111101000000101110110000010011 52 AE C3 26 D9 FF 00 BF 40 37 C8
Hh0100101001110101110000110110010010011011111111110000000011111101000000101110010000011011 52 AE C3 26 D9 FF 00 BF 40 27 D8  auto +6 (same as 30)
                                                                                                                      ^  ^
Hh0100101001110101110000110110010010011011111111110000000011111101000000101110010000011011 52 AE C3 26 D9 FF 00 BF 40 27 D8  ON (auto+6)
Hh0100101001110101110000110110010010011011111111110000000011111101000000101111010000001011 52 AE C3 26 D9 FF 00 BF 40 2F D0  OFF
                                                                             ^       ^                                 ^  ^
Hh0100101001110101110000110110010010011011111111110000000011111101000000101100010000111011 52 AE C3 26 D9 FF 00 BF 40 23 DC  ON (heat 30)
Hh0100101001110101110000110110010010011011111111110000000011111101000000101101010000101011 52 AE C3 26 D9 FF 00 BF 40 2B D4  OFF
                                                                             ^       ^                                 ^  ^
Hh0100101001110101110000110110010010011011111111110000000011111101000000100111011110001000 52 AE C3 26 D9 FF 00 BF 40 EE 11  OFF
Hh0100101001110101110000110110010010011011111111110000000011111101000000100110011110011000 52 AE C3 26 D9 FF 00 BF 40 E6 19  ON
                                                                             ^       ^